Determining if the pthread_create exist failed with the following output:
Change Dir: /home/viki/Homework/Week2/4_5_2/build/CMakeFiles/CMakeTmp

Run Build Command:"/usr/bin/make" "cmTryCompileExec806150919/fast"
/usr/bin/make -f CMakeFiles/cmTryCompileExec806150919.dir/build.make CMakeFiles/cmTryCompileExec806150919.dir/build
make[1]: Entering directory `/home/viki/Homework/Week2/4_5_2/build/CMakeFiles/CMakeTmp'
/usr/bin/cmake -E cmake_progress_report /home/viki/Homework/Week2/4_5_2/build/CMakeFiles/CMakeTmp/CMakeFiles 1
Building C object CMakeFiles/cmTryCompileExec806150919.dir/CheckSymbolExists.c.o
/usr/bin/cc    -o CMakeFiles/cmTryCompileExec806150919.dir/CheckSymbolExists.c.o   -c /home/viki/Homework/Week2/4_5_2/build/CMakeFiles/CMakeTmp/CheckSymbolExists.c
Linking C executable cmTryCompileExec806150919
/usr/bin/cmake -E cmake_link_script CMakeFiles/cmTryCompileExec806150919.dir/link.txt --verbose=1
/usr/bin/cc       CMakeFiles/cmTryCompileExec806150919.dir/CheckSymbolExists.c.o  -o cmTryCompileExec806150919 -rdynamic 
CMakeFiles/cmTryCompileExec806150919.dir/CheckSymbolExists.c.o: In function `main':
CheckSymbolExists.c:(.text+0x16): undefined reference to `pthread_create'
collect2: error: ld returned 1 exit status
make[1]: Leaving directory `/home/viki/Homework/Week2/4_5_2/build/CMakeFiles/CMakeTmp'
make[1]: *** [cmTryCompileExec806150919] Error 1
make: *** [cmTryCompileExec806150919/fast] Error 2

File /home/viki/Homework/Week2/4_5_2/build/CMakeFiles/CMakeTmp/CheckSymbolExists.c:
/* */
#include <pthread.h>

int main(int argc, char** argv)
{
  (void)argv;
#ifndef pthread_create
  return ((int*)(&pthread_create))[argc];
#else
  (void)argc;
  return 0;
#endif
}

Determining if the function pthread_create exists in the pthreads failed with the following output:
Change Dir: /home/viki/Homework/Week2/4_5_2/build/CMakeFiles/CMakeTmp

Run Build Command:"/usr/bin/make" "cmTryCompileExec2478839820/fast"
/usr/bin/make -f CMakeFiles/cmTryCompileExec2478839820.dir/build.make CMakeFiles/cmTryCompileExec2478839820.dir/build
make[1]: Entering directory `/home/viki/Homework/Week2/4_5_2/build/CMakeFiles/CMakeTmp'
/usr/bin/cmake -E cmake_progress_report /home/viki/Homework/Week2/4_5_2/build/CMakeFiles/CMakeTmp/CMakeFiles 1
Building C object CMakeFiles/cmTryCompileExec2478839820.dir/CheckFunctionExists.c.o
/usr/bin/cc   -DCHECK_FUNCTION_EXISTS=pthread_create   -o CMakeFiles/cmTryCompileExec2478839820.dir/CheckFunctionExists.c.o   -c /usr/share/cmake-3.2/Modules/CheckFunctionExists.c
Linking C executable cmTryCompileExec2478839820
/usr/bin/cmake -E cmake_link_script CMakeFiles/cmTryCompileExec2478839820.dir/link.txt --verbose=1
/usr/bin/cc   -DCHECK_FUNCTION_EXISTS=pthread_create    CMakeFiles/cmTryCompileExec2478839820.dir/CheckFunctionExists.c.o  -o cmTryCompileExec2478839820 -rdynamic -lpthreads 
/usr/bin/ld: cannot find -lpthreads
collect2: error: ld returned 1 exit status
make[1]: Leaving directory `/home/viki/Homework/Week2/4_5_2/build/CMakeFiles/CMakeTmp'
make[1]: *** [cmTryCompileExec2478839820] Error 1
make: *** [cmTryCompileExec2478839820/fast] Error 2


